d:\development\creekandriver\techc_sendai\project\project\x64\debug\vc143.pdb
d:\development\creekandriver\techc_sendai\project\project\x64\debug\vc143.idb
d:\development\creekandriver\techc_sendai\project\project\x64\debug\scenefactory.obj
d:\development\creekandriver\techc_sendai\project\project\x64\debug\playscene.obj
d:\development\creekandriver\techc_sendai\project\project\x64\debug\listscene.obj
d:\development\creekandriver\techc_sendai\project\project\x64\debug\imagemanager.obj
d:\development\creekandriver\techc_sendai\project\project\x64\debug\csvmanager.obj
d:\development\creekandriver\techc_sendai\project\project\x64\debug\button.obj
d:\development\creekandriver\techc_sendai\project\project\x64\debug\bootscene.obj
d:\development\creekandriver\techc_sendai\project\project\x64\debug\time.obj
d:\development\creekandriver\techc_sendai\project\project\x64\debug\scenemanager.obj
d:\development\creekandriver\techc_sendai\project\project\x64\debug\objectmanager.obj
d:\development\creekandriver\techc_sendai\project\project\x64\debug\main.obj
d:\development\creekandriver\techc_sendai\project\project\x64\debug\app.obj
d:\development\creekandriver\techc_sendai\project\project\x64\debug\imgui_widgets.obj
d:\development\creekandriver\techc_sendai\project\project\x64\debug\imgui_tables.obj
d:\development\creekandriver\techc_sendai\project\project\x64\debug\imgui_ja_gryph_ranges.obj
d:\development\creekandriver\techc_sendai\project\project\x64\debug\imgui_impl_win32.obj
d:\development\creekandriver\techc_sendai\project\project\x64\debug\imgui_impl_dx9.obj
d:\development\creekandriver\techc_sendai\project\project\x64\debug\imgui_impl_dx11.obj
d:\development\creekandriver\techc_sendai\project\project\x64\debug\imgui_draw.obj
d:\development\creekandriver\techc_sendai\project\project\x64\debug\imgui.obj
d:\development\creekandriver\techc_sendai\project\project\x64\debug\titlescene.obj
d:\development\creekandriver\techc_sendai\project\x64\debug\project.exe
d:\development\creekandriver\techc_sendai\project\x64\debug\project.pdb
d:\development\creekandriver\techc_sendai\project\project\x64\debug\project.ilk
d:\development\creekandriver\techc_sendai\project\project\x64\debug\project.tlog\cl.command.1.tlog
d:\development\creekandriver\techc_sendai\project\project\x64\debug\project.tlog\cl.items.tlog
d:\development\creekandriver\techc_sendai\project\project\x64\debug\project.tlog\cl.read.1.tlog
d:\development\creekandriver\techc_sendai\project\project\x64\debug\project.tlog\cl.write.1.tlog
d:\development\creekandriver\techc_sendai\project\project\x64\debug\project.tlog\link.command.1.tlog
d:\development\creekandriver\techc_sendai\project\project\x64\debug\project.tlog\link.read.1.tlog
d:\development\creekandriver\techc_sendai\project\project\x64\debug\project.tlog\link.secondary.1.tlog
d:\development\creekandriver\techc_sendai\project\project\x64\debug\project.tlog\link.write.1.tlog
