  SceneFactory.cpp
C:\DxLib_VC\プロジェクトに追加すべきファイル_VC用\DxLib.h(1,1): warning C4819: ファイルは、現在のコード ページ (932) で表示できない文字を含んでいます。データの損失を防ぐために、ファイルを Unicode 形式で保存してください。
  (ソース ファイル 'Source/SceneFactory.cpp' をコンパイルしています)
  
C:\DxLib_VC\プロジェクトに追加すべきファイル_VC用\DxLib.h(349,1): warning C4819: ファイルは、現在のコード ページ (932) で表示できない文字を含んでいます。データの損失を防ぐために、ファイルを Unicode 形式で保存してください。
  (ソース ファイル 'Source/SceneFactory.cpp' をコンパイルしています)
  
C:\DxLib_VC\プロジェクトに追加すべきファイル_VC用\DxLib.h(708,1): warning C4819: ファイルは、現在のコード ページ (932) で表示できない文字を含んでいます。データの損失を防ぐために、ファイルを Unicode 形式で保存してください。
  (ソース ファイル 'Source/SceneFactory.cpp' をコンパイルしています)
  
C:\DxLib_VC\プロジェクトに追加すべきファイル_VC用\DxLib.h(1106,1): warning C4819: ファイルは、現在のコード ページ (932) で表示できない文字を含んでいます。データの損失を防ぐために、ファイルを Unicode 形式で保存してください。
  (ソース ファイル 'Source/SceneFactory.cpp' をコンパイルしています)
  
C:\DxLib_VC\プロジェクトに追加すべきファイル_VC用\DxLib.h(1610,1): warning C4819: ファイルは、現在のコード ページ (932) で表示できない文字を含んでいます。データの損失を防ぐために、ファイルを Unicode 形式で保存してください。
  (ソース ファイル 'Source/SceneFactory.cpp' をコンパイルしています)
  
C:\DxLib_VC\プロジェクトに追加すべきファイル_VC用\DxLib.h(2014,1): warning C4819: ファイルは、現在のコード ページ (932) で表示できない文字を含んでいます。データの損失を防ぐために、ファイルを Unicode 形式で保存してください。
  (ソース ファイル 'Source/SceneFactory.cpp' をコンパイルしています)
  
C:\DxLib_VC\プロジェクトに追加すべきファイル_VC用\DxLib.h(2241,1): warning C4819: ファイルは、現在のコード ページ (932) で表示できない文字を含んでいます。データの損失を防ぐために、ファイルを Unicode 形式で保存してください。
  (ソース ファイル 'Source/SceneFactory.cpp' をコンパイルしています)
  
C:\DxLib_VC\プロジェクトに追加すべきファイル_VC用\DxLib.h(2384,1): warning C4819: ファイルは、現在のコード ページ (932) で表示できない文字を含んでいます。データの損失を防ぐために、ファイルを Unicode 形式で保存してください。
  (ソース ファイル 'Source/SceneFactory.cpp' をコンパイルしています)
  
C:\DxLib_VC\プロジェクトに追加すべきファイル_VC用\DxLib.h(2557,1): warning C4819: ファイルは、現在のコード ページ (932) で表示できない文字を含んでいます。データの損失を防ぐために、ファイルを Unicode 形式で保存してください。
  (ソース ファイル 'Source/SceneFactory.cpp' をコンパイルしています)
  
C:\DxLib_VC\プロジェクトに追加すべきファイル_VC用\DxLib.h(2702,1): warning C4819: ファイルは、現在のコード ページ (932) で表示できない文字を含んでいます。データの損失を防ぐために、ファイルを Unicode 形式で保存してください。
  (ソース ファイル 'Source/SceneFactory.cpp' をコンパイルしています)
  
C:\DxLib_VC\プロジェクトに追加すべきファイル_VC用\DxLib.h(2788,1): warning C4819: ファイルは、現在のコード ページ (932) で表示できない文字を含んでいます。データの損失を防ぐために、ファイルを Unicode 形式で保存してください。
  (ソース ファイル 'Source/SceneFactory.cpp' をコンパイルしています)
  
C:\DxLib_VC\プロジェクトに追加すべきファイル_VC用\DxLib.h(2891,1): warning C4819: ファイルは、現在のコード ページ (932) で表示できない文字を含んでいます。データの損失を防ぐために、ファイルを Unicode 形式で保存してください。
  (ソース ファイル 'Source/SceneFactory.cpp' をコンパイルしています)
  
C:\DxLib_VC\プロジェクトに追加すべきファイル_VC用\DxLib.h(2991,1): warning C4819: ファイルは、現在のコード ページ (932) で表示できない文字を含んでいます。データの損失を防ぐために、ファイルを Unicode 形式で保存してください。
  (ソース ファイル 'Source/SceneFactory.cpp' をコンパイルしています)
  
C:\DxLib_VC\プロジェクトに追加すべきファイル_VC用\DxLib.h(3120,1): warning C4819: ファイルは、現在のコード ページ (932) で表示できない文字を含んでいます。データの損失を防ぐために、ファイルを Unicode 形式で保存してください。
  (ソース ファイル 'Source/SceneFactory.cpp' をコンパイルしています)
  
C:\DxLib_VC\プロジェクトに追加すべきファイル_VC用\DxLib.h(3264,1): warning C4819: ファイルは、現在のコード ページ (932) で表示できない文字を含んでいます。データの損失を防ぐために、ファイルを Unicode 形式で保存してください。
  (ソース ファイル 'Source/SceneFactory.cpp' をコンパイルしています)
  
C:\DxLib_VC\プロジェクトに追加すべきファイル_VC用\DxLib.h(3382,1): warning C4819: ファイルは、現在のコード ページ (932) で表示できない文字を含んでいます。データの損失を防ぐために、ファイルを Unicode 形式で保存してください。
  (ソース ファイル 'Source/SceneFactory.cpp' をコンパイルしています)
  
C:\DxLib_VC\プロジェクトに追加すべきファイル_VC用\DxLib.h(3516,1): warning C4819: ファイルは、現在のコード ページ (932) で表示できない文字を含んでいます。データの損失を防ぐために、ファイルを Unicode 形式で保存してください。
  (ソース ファイル 'Source/SceneFactory.cpp' をコンパイルしています)
  
C:\DxLib_VC\プロジェクトに追加すべきファイル_VC用\DxLib.h(3698,1): warning C4819: ファイルは、現在のコード ページ (932) で表示できない文字を含んでいます。データの損失を防ぐために、ファイルを Unicode 形式で保存してください。
  (ソース ファイル 'Source/SceneFactory.cpp' をコンパイルしています)
  
C:\DxLib_VC\プロジェクトに追加すべきファイル_VC用\DxLib.h(3803,1): warning C4819: ファイルは、現在のコード ページ (932) で表示できない文字を含んでいます。データの損失を防ぐために、ファイルを Unicode 形式で保存してください。
  (ソース ファイル 'Source/SceneFactory.cpp' をコンパイルしています)
  
C:\DxLib_VC\プロジェクトに追加すべきファイル_VC用\DxLib.h(3882,1): warning C4819: ファイルは、現在のコード ページ (932) で表示できない文字を含んでいます。データの損失を防ぐために、ファイルを Unicode 形式で保存してください。
  (ソース ファイル 'Source/SceneFactory.cpp' をコンパイルしています)
  
C:\DxLib_VC\プロジェクトに追加すべきファイル_VC用\DxLib.h(3984,1): warning C4819: ファイルは、現在のコード ページ (932) で表示できない文字を含んでいます。データの損失を防ぐために、ファイルを Unicode 形式で保存してください。
  (ソース ファイル 'Source/SceneFactory.cpp' をコンパイルしています)
  
C:\DxLib_VC\プロジェクトに追加すべきファイル_VC用\DxLib.h(4114,1): warning C4819: ファイルは、現在のコード ページ (932) で表示できない文字を含んでいます。データの損失を防ぐために、ファイルを Unicode 形式で保存してください。
  (ソース ファイル 'Source/SceneFactory.cpp' をコンパイルしています)
  
C:\DxLib_VC\プロジェクトに追加すべきファイル_VC用\DxLib.h(4608,1): warning C4819: ファイルは、現在のコード ページ (932) で表示できない文字を含んでいます。データの損失を防ぐために、ファイルを Unicode 形式で保存してください。
  (ソース ファイル 'Source/SceneFactory.cpp' をコンパイルしています)
  
C:\DxLib_VC\プロジェクトに追加すべきファイル_VC用\DxLib.h(4761,1): warning C4819: ファイルは、現在のコード ページ (932) で表示できない文字を含んでいます。データの損失を防ぐために、ファイルを Unicode 形式で保存してください。
  (ソース ファイル 'Source/SceneFactory.cpp' をコンパイルしています)
  
C:\DxLib_VC\プロジェクトに追加すべきファイル_VC用\DxLib.h(4905,1): warning C4819: ファイルは、現在のコード ページ (932) で表示できない文字を含んでいます。データの損失を防ぐために、ファイルを Unicode 形式で保存してください。
  (ソース ファイル 'Source/SceneFactory.cpp' をコンパイルしています)
  
C:\DxLib_VC\プロジェクトに追加すべきファイル_VC用\DxLib.h(5043,1): warning C4819: ファイルは、現在のコード ページ (932) で表示できない文字を含んでいます。データの損失を防ぐために、ファイルを Unicode 形式で保存してください。
  (ソース ファイル 'Source/SceneFactory.cpp' をコンパイルしています)
  
C:\DxLib_VC\プロジェクトに追加すべきファイル_VC用\DxLib.h(5190,1): warning C4819: ファイルは、現在のコード ページ (932) で表示できない文字を含んでいます。データの損失を防ぐために、ファイルを Unicode 形式で保存してください。
  (ソース ファイル 'Source/SceneFactory.cpp' をコンパイルしています)
  
C:\DxLib_VC\プロジェクトに追加すべきファイル_VC用\DxLib.h(5323,1): warning C4819: ファイルは、現在のコード ページ (932) で表示できない文字を含んでいます。データの損失を防ぐために、ファイルを Unicode 形式で保存してください。
  (ソース ファイル 'Source/SceneFactory.cpp' をコンパイルしています)
  
C:\DxLib_VC\プロジェクトに追加すべきファイル_VC用\DxLib.h(5438,1): warning C4819: ファイルは、現在のコード ページ (932) で表示できない文字を含んでいます。データの損失を防ぐために、ファイルを Unicode 形式で保存してください。
  (ソース ファイル 'Source/SceneFactory.cpp' をコンパイルしています)
  
C:\DxLib_VC\プロジェクトに追加すべきファイル_VC用\DxLib.h(5605,1): warning C4819: ファイルは、現在のコード ページ (932) で表示できない文字を含んでいます。データの損失を防ぐために、ファイルを Unicode 形式で保存してください。
  (ソース ファイル 'Source/SceneFactory.cpp' をコンパイルしています)
  
C:\Program Files\Microsoft Visual Studio\2022\Community\VC\Tools\MSVC\14.44.35207\include\format(42): warning STL4038: The contents of <format> are available only with C++20 or later.
  TitleScene.cpp
C:\DxLib_VC\プロジェクトに追加すべきファイル_VC用\DxLib.h(1,1): warning C4819: ファイルは、現在のコード ページ (932) で表示できない文字を含んでいます。データの損失を防ぐために、ファイルを Unicode 形式で保存してください。
  (ソース ファイル 'Source/TitleScene.cpp' をコンパイルしています)
  
C:\DxLib_VC\プロジェクトに追加すべきファイル_VC用\DxLib.h(349,1): warning C4819: ファイルは、現在のコード ページ (932) で表示できない文字を含んでいます。データの損失を防ぐために、ファイルを Unicode 形式で保存してください。
  (ソース ファイル 'Source/TitleScene.cpp' をコンパイルしています)
  
C:\DxLib_VC\プロジェクトに追加すべきファイル_VC用\DxLib.h(708,1): warning C4819: ファイルは、現在のコード ページ (932) で表示できない文字を含んでいます。データの損失を防ぐために、ファイルを Unicode 形式で保存してください。
  (ソース ファイル 'Source/TitleScene.cpp' をコンパイルしています)
  
C:\DxLib_VC\プロジェクトに追加すべきファイル_VC用\DxLib.h(1106,1): warning C4819: ファイルは、現在のコード ページ (932) で表示できない文字を含んでいます。データの損失を防ぐために、ファイルを Unicode 形式で保存してください。
  (ソース ファイル 'Source/TitleScene.cpp' をコンパイルしています)
  
C:\DxLib_VC\プロジェクトに追加すべきファイル_VC用\DxLib.h(1610,1): warning C4819: ファイルは、現在のコード ページ (932) で表示できない文字を含んでいます。データの損失を防ぐために、ファイルを Unicode 形式で保存してください。
  (ソース ファイル 'Source/TitleScene.cpp' をコンパイルしています)
  
C:\DxLib_VC\プロジェクトに追加すべきファイル_VC用\DxLib.h(2014,1): warning C4819: ファイルは、現在のコード ページ (932) で表示できない文字を含んでいます。データの損失を防ぐために、ファイルを Unicode 形式で保存してください。
  (ソース ファイル 'Source/TitleScene.cpp' をコンパイルしています)
  
C:\DxLib_VC\プロジェクトに追加すべきファイル_VC用\DxLib.h(2241,1): warning C4819: ファイルは、現在のコード ページ (932) で表示できない文字を含んでいます。データの損失を防ぐために、ファイルを Unicode 形式で保存してください。
  (ソース ファイル 'Source/TitleScene.cpp' をコンパイルしています)
  
C:\DxLib_VC\プロジェクトに追加すべきファイル_VC用\DxLib.h(2384,1): warning C4819: ファイルは、現在のコード ページ (932) で表示できない文字を含んでいます。データの損失を防ぐために、ファイルを Unicode 形式で保存してください。
  (ソース ファイル 'Source/TitleScene.cpp' をコンパイルしています)
  
C:\DxLib_VC\プロジェクトに追加すべきファイル_VC用\DxLib.h(2557,1): warning C4819: ファイルは、現在のコード ページ (932) で表示できない文字を含んでいます。データの損失を防ぐために、ファイルを Unicode 形式で保存してください。
  (ソース ファイル 'Source/TitleScene.cpp' をコンパイルしています)
  
C:\DxLib_VC\プロジェクトに追加すべきファイル_VC用\DxLib.h(2702,1): warning C4819: ファイルは、現在のコード ページ (932) で表示できない文字を含んでいます。データの損失を防ぐために、ファイルを Unicode 形式で保存してください。
  (ソース ファイル 'Source/TitleScene.cpp' をコンパイルしています)
  
C:\DxLib_VC\プロジェクトに追加すべきファイル_VC用\DxLib.h(2788,1): warning C4819: ファイルは、現在のコード ページ (932) で表示できない文字を含んでいます。データの損失を防ぐために、ファイルを Unicode 形式で保存してください。
  (ソース ファイル 'Source/TitleScene.cpp' をコンパイルしています)
  
C:\DxLib_VC\プロジェクトに追加すべきファイル_VC用\DxLib.h(2891,1): warning C4819: ファイルは、現在のコード ページ (932) で表示できない文字を含んでいます。データの損失を防ぐために、ファイルを Unicode 形式で保存してください。
  (ソース ファイル 'Source/TitleScene.cpp' をコンパイルしています)
  
C:\DxLib_VC\プロジェクトに追加すべきファイル_VC用\DxLib.h(2991,1): warning C4819: ファイルは、現在のコード ページ (932) で表示できない文字を含んでいます。データの損失を防ぐために、ファイルを Unicode 形式で保存してください。
  (ソース ファイル 'Source/TitleScene.cpp' をコンパイルしています)
  
C:\DxLib_VC\プロジェクトに追加すべきファイル_VC用\DxLib.h(3120,1): warning C4819: ファイルは、現在のコード ページ (932) で表示できない文字を含んでいます。データの損失を防ぐために、ファイルを Unicode 形式で保存してください。
  (ソース ファイル 'Source/TitleScene.cpp' をコンパイルしています)
  
C:\DxLib_VC\プロジェクトに追加すべきファイル_VC用\DxLib.h(3264,1): warning C4819: ファイルは、現在のコード ページ (932) で表示できない文字を含んでいます。データの損失を防ぐために、ファイルを Unicode 形式で保存してください。
  (ソース ファイル 'Source/TitleScene.cpp' をコンパイルしています)
  
C:\DxLib_VC\プロジェクトに追加すべきファイル_VC用\DxLib.h(3382,1): warning C4819: ファイルは、現在のコード ページ (932) で表示できない文字を含んでいます。データの損失を防ぐために、ファイルを Unicode 形式で保存してください。
  (ソース ファイル 'Source/TitleScene.cpp' をコンパイルしています)
  
C:\DxLib_VC\プロジェクトに追加すべきファイル_VC用\DxLib.h(3516,1): warning C4819: ファイルは、現在のコード ページ (932) で表示できない文字を含んでいます。データの損失を防ぐために、ファイルを Unicode 形式で保存してください。
  (ソース ファイル 'Source/TitleScene.cpp' をコンパイルしています)
  
C:\DxLib_VC\プロジェクトに追加すべきファイル_VC用\DxLib.h(3698,1): warning C4819: ファイルは、現在のコード ページ (932) で表示できない文字を含んでいます。データの損失を防ぐために、ファイルを Unicode 形式で保存してください。
  (ソース ファイル 'Source/TitleScene.cpp' をコンパイルしています)
  
C:\DxLib_VC\プロジェクトに追加すべきファイル_VC用\DxLib.h(3803,1): warning C4819: ファイルは、現在のコード ページ (932) で表示できない文字を含んでいます。データの損失を防ぐために、ファイルを Unicode 形式で保存してください。
  (ソース ファイル 'Source/TitleScene.cpp' をコンパイルしています)
  
C:\DxLib_VC\プロジェクトに追加すべきファイル_VC用\DxLib.h(3882,1): warning C4819: ファイルは、現在のコード ページ (932) で表示できない文字を含んでいます。データの損失を防ぐために、ファイルを Unicode 形式で保存してください。
  (ソース ファイル 'Source/TitleScene.cpp' をコンパイルしています)
  
C:\DxLib_VC\プロジェクトに追加すべきファイル_VC用\DxLib.h(3984,1): warning C4819: ファイルは、現在のコード ページ (932) で表示できない文字を含んでいます。データの損失を防ぐために、ファイルを Unicode 形式で保存してください。
  (ソース ファイル 'Source/TitleScene.cpp' をコンパイルしています)
  
C:\DxLib_VC\プロジェクトに追加すべきファイル_VC用\DxLib.h(4114,1): warning C4819: ファイルは、現在のコード ページ (932) で表示できない文字を含んでいます。データの損失を防ぐために、ファイルを Unicode 形式で保存してください。
  (ソース ファイル 'Source/TitleScene.cpp' をコンパイルしています)
  
C:\DxLib_VC\プロジェクトに追加すべきファイル_VC用\DxLib.h(4608,1): warning C4819: ファイルは、現在のコード ページ (932) で表示できない文字を含んでいます。データの損失を防ぐために、ファイルを Unicode 形式で保存してください。
  (ソース ファイル 'Source/TitleScene.cpp' をコンパイルしています)
  
C:\DxLib_VC\プロジェクトに追加すべきファイル_VC用\DxLib.h(4761,1): warning C4819: ファイルは、現在のコード ページ (932) で表示できない文字を含んでいます。データの損失を防ぐために、ファイルを Unicode 形式で保存してください。
  (ソース ファイル 'Source/TitleScene.cpp' をコンパイルしています)
  
C:\DxLib_VC\プロジェクトに追加すべきファイル_VC用\DxLib.h(4905,1): warning C4819: ファイルは、現在のコード ページ (932) で表示できない文字を含んでいます。データの損失を防ぐために、ファイルを Unicode 形式で保存してください。
  (ソース ファイル 'Source/TitleScene.cpp' をコンパイルしています)
  
C:\DxLib_VC\プロジェクトに追加すべきファイル_VC用\DxLib.h(5043,1): warning C4819: ファイルは、現在のコード ページ (932) で表示できない文字を含んでいます。データの損失を防ぐために、ファイルを Unicode 形式で保存してください。
  (ソース ファイル 'Source/TitleScene.cpp' をコンパイルしています)
  
C:\DxLib_VC\プロジェクトに追加すべきファイル_VC用\DxLib.h(5190,1): warning C4819: ファイルは、現在のコード ページ (932) で表示できない文字を含んでいます。データの損失を防ぐために、ファイルを Unicode 形式で保存してください。
  (ソース ファイル 'Source/TitleScene.cpp' をコンパイルしています)
  
C:\DxLib_VC\プロジェクトに追加すべきファイル_VC用\DxLib.h(5323,1): warning C4819: ファイルは、現在のコード ページ (932) で表示できない文字を含んでいます。データの損失を防ぐために、ファイルを Unicode 形式で保存してください。
  (ソース ファイル 'Source/TitleScene.cpp' をコンパイルしています)
  
C:\DxLib_VC\プロジェクトに追加すべきファイル_VC用\DxLib.h(5438,1): warning C4819: ファイルは、現在のコード ページ (932) で表示できない文字を含んでいます。データの損失を防ぐために、ファイルを Unicode 形式で保存してください。
  (ソース ファイル 'Source/TitleScene.cpp' をコンパイルしています)
  
C:\DxLib_VC\プロジェクトに追加すべきファイル_VC用\DxLib.h(5605,1): warning C4819: ファイルは、現在のコード ページ (932) で表示できない文字を含んでいます。データの損失を防ぐために、ファイルを Unicode 形式で保存してください。
  (ソース ファイル 'Source/TitleScene.cpp' をコンパイルしています)
  
C:\Program Files\Microsoft Visual Studio\2022\Community\VC\Tools\MSVC\14.44.35207\include\format(42): warning STL4038: The contents of <format> are available only with C++20 or later.
  コードを生成中...
  project.vcxproj -> D:\個人製作＿5\x64\Debug\project.exe
